# JRE version: OpenJDK Runtime Environment Corretto-11.0.17.8.1 (11.0.17+8) (build 11.0.17+8-LTS)
# Java VM: OpenJDK 64-Bit Server VM Corretto-11.0.17.8.1 (11.0.17+8-LTS, mixed mode, tiered, compressed oops, g1 gc, windows-amd64)
Heap:
 garbage-first heap   total 153600K, used 81736K [0x00000000c3e00000, 0x0000000100000000)
  region size 1024K, 38 young (38912K), 1 survivors (1024K)
 Metaspace       used 73150K, capacity 75115K, committed 75264K, reserved 1114112K
  class space    used 9114K, capacity 9892K, committed 9984K, reserved 1048576K
GC Heap History (20 events):
Event: 57.112 GC heap before
{Heap before GC invocations=32 (full 0):
 garbage-first heap   total 63488K, used 48266K [0x00000000c3e00000, 0x0000000100000000)
  region size 1024K, 8 young (8192K), 2 survivors (2048K)
 Metaspace       used 70633K, capacity 72458K, committed 72576K, reserved 1112064K
  class space    used 8802K, capacity 9530K, committed 9600K, reserved 1048576K
}
Event: 57.118 GC heap after
{Heap after GC invocations=33 (full 0):
 garbage-first heap   total 76800K, used 45276K [0x00000000c3e00000, 0x0000000100000000)
  region size 1024K, 1 young (1024K), 1 survivors (1024K)
 Metaspace       used 70633K, capacity 72458K, committed 72576K, reserved 1112064K
  class space    used 8802K, capacity 9530K, committed 9600K, reserved 1048576K
}
Event: 57.360 GC heap before
{Heap before GC invocations=34 (full 0):
 garbage-first heap   total 76800K, used 57564K [0x00000000c3e00000, 0x0000000100000000)
  region size 1024K, 13 young (13312K), 1 survivors (1024K)
 Metaspace       used 70676K, capacity 72459K, committed 72576K, reserved 1112064K
  class space    used 8802K, capacity 9530K, committed 9600K, reserved 1048576K
}
Event: 57.367 GC heap after
{Heap after GC invocations=35 (full 0):
 garbage-first heap   total 76800K, used 48920K [0x00000000c3e00000, 0x0000000100000000)
  region size 1024K, 2 young (2048K), 2 survivors (2048K)
 Metaspace       used 70676K, capacity 72459K, committed 72576K, reserved 1112064K
  class space    used 8802K, capacity 9530K, committed 9600K, reserved 1048576K
}
Event: 57.368 GC heap before
{Heap before GC invocations=35 (full 0):
 garbage-first heap   total 76800K, used 49944K [0x00000000c3e00000, 0x0000000100000000)
  region size 1024K, 3 young (3072K), 2 survivors (2048K)
 Metaspace       used 70676K, capacity 72459K, committed 72576K, reserved 1112064K
  class space    used 8802K, capacity 9530K, committed 9600K, reserved 1048576K
}
Event: 57.372 GC heap after
{Heap after GC invocations=36 (full 0):
 garbage-first heap   total 76800K, used 43551K [0x00000000c3e00000, 0x0000000100000000)
  region size 1024K, 1 young (1024K), 1 survivors (1024K)
 Metaspace       used 70676K, capacity 72459K, committed 72576K, reserved 1112064K
  class space    used 8802K, capacity 9530K, committed 9600K, reserved 1048576K
}
Event: 57.375 GC heap before
{Heap before GC invocations=36 (full 0):
 garbage-first heap   total 76800K, used 43551K [0x00000000c3e00000, 0x0000000100000000)
  region size 1024K, 2 young (2048K), 1 survivors (1024K)
 Metaspace       used 70676K, capacity 72459K, committed 72576K, reserved 1112064K
  class space    used 8802K, capacity 9530K, committed 9600K, reserved 1048576K
}
Event: 57.377 GC heap after
{Heap after GC invocations=37 (full 0):
 garbage-first heap   total 76800K, used 43474K [0x00000000c3e00000, 0x0000000100000000)
  region size 1024K, 1 young (1024K), 1 survivors (1024K)
 Metaspace       used 70676K, capacity 72459K, committed 72576K, reserved 1112064K
  class space    used 8802K, capacity 9530K, committed 9600K, reserved 1048576K
}
Event: 57.455 GC heap before
{Heap before GC invocations=37 (full 0):
 garbage-first heap   total 76800K, used 56786K [0x00000000c3e00000, 0x0000000100000000)
  region size 1024K, 14 young (14336K), 1 survivors (1024K)
 Metaspace       used 70683K, capacity 72459K, committed 72576K, reserved 1112064K
  class space    used 8802K, capacity 9530K, committed 9600K, reserved 1048576K
}
Event: 57.481 GC heap after
{Heap after GC invocations=38 (full 0):
 garbage-first heap   total 76800K, used 46292K [0x00000000c3e00000, 0x0000000100000000)
  region size 1024K, 2 young (2048K), 2 survivors (2048K)
 Metaspace       used 70683K, capacity 72459K, committed 72576K, reserved 1112064K
  class space    used 8802K, capacity 9530K, committed 9600K, reserved 1048576K
}
Event: 57.741 GC heap before
{Heap before GC invocations=39 (full 0):
 garbage-first heap   total 76800K, used 57556K [0x00000000c3e00000, 0x0000000100000000)
  region size 1024K, 14 young (14336K), 2 survivors (2048K)
 Metaspace       used 70700K, capacity 72523K, committed 72832K, reserved 1112064K
  class space    used 8802K, capacity 9530K, committed 9600K, reserved 1048576K
}
Event: 57.749 GC heap after
{Heap after GC invocations=40 (full 0):
 garbage-first heap   total 76800K, used 49562K [0x00000000c3e00000, 0x0000000100000000)
  region size 1024K, 2 young (2048K), 2 survivors (2048K)
 Metaspace       used 70700K, capacity 72523K, committed 72832K, reserved 1112064K
  class space    used 8802K, capacity 9530K, committed 9600K, reserved 1048576K
}
Event: 57.850 GC heap before
{Heap before GC invocations=40 (full 0):
 garbage-first heap   total 76800K, used 50586K [0x00000000c3e00000, 0x0000000100000000)
  region size 1024K, 3 young (3072K), 2 survivors (2048K)
 Metaspace       used 70742K, capacity 72559K, committed 72832K, reserved 1112064K
  class space    used 8805K, capacity 9536K, committed 9600K, reserved 1048576K
}
Event: 57.861 GC heap after
{Heap after GC invocations=41 (full 0):
 garbage-first heap   total 76800K, used 41925K [0x00000000c3e00000, 0x0000000100000000)
  region size 1024K, 1 young (1024K), 1 survivors (1024K)
 Metaspace       used 70742K, capacity 72559K, committed 72832K, reserved 1112064K
  class space    used 8805K, capacity 9536K, committed 9600K, reserved 1048576K
}
Event: 58.273 GC heap before
{Heap before GC invocations=41 (full 0):
 garbage-first heap   total 76800K, used 55237K [0x00000000c3e00000, 0x0000000100000000)
  region size 1024K, 14 young (14336K), 1 survivors (1024K)
 Metaspace       used 70770K, capacity 72598K, committed 72832K, reserved 1112064K
  class space    used 8809K, capacity 9543K, committed 9600K, reserved 1048576K
}
Event: 58.284 GC heap after
{Heap after GC invocations=42 (full 0):
 garbage-first heap   total 76800K, used 44762K [0x00000000c3e00000, 0x0000000100000000)
  region size 1024K, 2 young (2048K), 2 survivors (2048K)
 Metaspace       used 70770K, capacity 72598K, committed 72832K, reserved 1112064K
  class space    used 8809K, capacity 9543K, committed 9600K, reserved 1048576K
}
Event: 58.564 GC heap before
{Heap before GC invocations=43 (full 0):
 garbage-first heap   total 76800K, used 57050K [0x00000000c3e00000, 0x0000000100000000)
  region size 1024K, 14 young (14336K), 2 survivors (2048K)
 Metaspace       used 70772K, capacity 72598K, committed 72832K, reserved 1112064K
  class space    used 8809K, capacity 9543K, committed 9600K, reserved 1048576K
}
Event: 58.578 GC heap after
{Heap after GC invocations=44 (full 0):
 garbage-first heap   total 153600K, used 47341K [0x00000000c3e00000, 0x0000000100000000)
  region size 1024K, 2 young (2048K), 2 survivors (2048K)
 Metaspace       used 70772K, capacity 72598K, committed 72832K, reserved 1112064K
  class space    used 8809K, capacity 9543K, committed 9600K, reserved 1048576K
}
Event: 58.895 GC heap before
{Heap before GC invocations=44 (full 0):
 garbage-first heap   total 153600K, used 52461K [0x00000000c3e00000, 0x0000000100000000)
  region size 1024K, 7 young (7168K), 2 survivors (2048K)
 Metaspace       used 70772K, capacity 72598K, committed 72832K, reserved 1112064K
  class space    used 8809K, capacity 9543K, committed 9600K, reserved 1048576K
}
Event: 58.900 GC heap after
{Heap after GC invocations=45 (full 0):
 garbage-first heap   total 153600K, used 44872K [0x00000000c3e00000, 0x0000000100000000)
  region size 1024K, 1 young (1024K), 1 survivors (1024K)
 Metaspace       used 70772K, capacity 72598K, committed 72832K, reserved 1112064K
  class space    used 8809K, capacity 9543K, committed 9600K, reserved 1048576K
}

