# JRE version: OpenJDK Runtime Environment Corretto-11.0.17.8.1 (11.0.17+8) (build 11.0.17+8-LTS)
# Java VM: OpenJDK 64-Bit Server VM Corretto-11.0.17.8.1 (11.0.17+8-LTS, mixed mode, tiered, compressed oops, g1 gc, windows-amd64)
Heap:
 garbage-first heap   total 124928K, used 71794K [0x00000000c3e00000, 0x0000000100000000)
  region size 1024K, 24 young (24576K), 2 survivors (2048K)
 Metaspace       used 73822K, capacity 75773K, committed 75944K, reserved 1116160K
  class space    used 9114K, capacity 9901K, committed 10012K, reserved 1048576K
GC Heap History (20 events):
Event: 26.222 GC heap before
{Heap before GC invocations=28 (full 0):
 garbage-first heap   total 63488K, used 45507K [0x00000000c3e00000, 0x0000000100000000)
  region size 1024K, 10 young (10240K), 1 survivors (1024K)
 Metaspace       used 66679K, capacity 68448K, committed 68648K, reserved 1110016K
  class space    used 8286K, capacity 8991K, committed 9116K, reserved 1048576K
}
Event: 26.227 GC heap after
{Heap after GC invocations=29 (full 0):
 garbage-first heap   total 76800K, used 38912K [0x00000000c3e00000, 0x0000000100000000)
  region size 1024K, 2 young (2048K), 2 survivors (2048K)
 Metaspace       used 66679K, capacity 68448K, committed 68648K, reserved 1110016K
  class space    used 8286K, capacity 8991K, committed 9116K, reserved 1048576K
}
Event: 26.728 GC heap before
{Heap before GC invocations=30 (full 0):
 garbage-first heap   total 76800K, used 53248K [0x00000000c3e00000, 0x0000000100000000)
  region size 1024K, 17 young (17408K), 2 survivors (2048K)
 Metaspace       used 66711K, capacity 68449K, committed 68648K, reserved 1110016K
  class space    used 8286K, capacity 8991K, committed 9116K, reserved 1048576K
}
Event: 26.737 GC heap after
{Heap after GC invocations=31 (full 0):
 garbage-first heap   total 76800K, used 43889K [0x00000000c3e00000, 0x0000000100000000)
  region size 1024K, 3 young (3072K), 3 survivors (3072K)
 Metaspace       used 66711K, capacity 68449K, committed 68648K, reserved 1110016K
  class space    used 8286K, capacity 8991K, committed 9116K, reserved 1048576K
}
Event: 26.742 GC heap before
{Heap before GC invocations=31 (full 0):
 garbage-first heap   total 76800K, used 44913K [0x00000000c3e00000, 0x0000000100000000)
  region size 1024K, 5 young (5120K), 3 survivors (3072K)
 Metaspace       used 66711K, capacity 68449K, committed 68648K, reserved 1110016K
  class space    used 8286K, capacity 8991K, committed 9116K, reserved 1048576K
}
Event: 26.751 GC heap after
{Heap after GC invocations=32 (full 0):
 garbage-first heap   total 76800K, used 41458K [0x00000000c3e00000, 0x0000000100000000)
  region size 1024K, 1 young (1024K), 1 survivors (1024K)
 Metaspace       used 66711K, capacity 68449K, committed 68648K, reserved 1110016K
  class space    used 8286K, capacity 8991K, committed 9116K, reserved 1048576K
}
Event: 26.832 GC heap before
{Heap before GC invocations=32 (full 0):
 garbage-first heap   total 76800K, used 53746K [0x00000000c3e00000, 0x0000000100000000)
  region size 1024K, 14 young (14336K), 1 survivors (1024K)
 Metaspace       used 66748K, capacity 68513K, committed 68648K, reserved 1110016K
  class space    used 8286K, capacity 8991K, committed 9116K, reserved 1048576K
}
Event: 26.838 GC heap after
{Heap after GC invocations=33 (full 0):
 garbage-first heap   total 76800K, used 44208K [0x00000000c3e00000, 0x0000000100000000)
  region size 1024K, 2 young (2048K), 2 survivors (2048K)
 Metaspace       used 66748K, capacity 68513K, committed 68648K, reserved 1110016K
  class space    used 8286K, capacity 8991K, committed 9116K, reserved 1048576K
}
Event: 27.127 GC heap before
{Heap before GC invocations=34 (full 0):
 garbage-first heap   total 76800K, used 56496K [0x00000000c3e00000, 0x0000000100000000)
  region size 1024K, 14 young (14336K), 2 survivors (2048K)
 Metaspace       used 66831K, capacity 68588K, committed 68904K, reserved 1110016K
  class space    used 8293K, capacity 9004K, committed 9116K, reserved 1048576K
}
Event: 27.138 GC heap after
{Heap after GC invocations=35 (full 0):
 garbage-first heap   total 92160K, used 48444K [0x00000000c3e00000, 0x0000000100000000)
  region size 1024K, 2 young (2048K), 2 survivors (2048K)
 Metaspace       used 66831K, capacity 68588K, committed 68904K, reserved 1110016K
  class space    used 8293K, capacity 9004K, committed 9116K, reserved 1048576K
}
Event: 27.155 GC heap before
{Heap before GC invocations=35 (full 0):
 garbage-first heap   total 92160K, used 49468K [0x00000000c3e00000, 0x0000000100000000)
  region size 1024K, 4 young (4096K), 2 survivors (2048K)
 Metaspace       used 66832K, capacity 68588K, committed 68904K, reserved 1110016K
  class space    used 8293K, capacity 9004K, committed 9116K, reserved 1048576K
}
Event: 27.160 GC heap after
{Heap after GC invocations=36 (full 0):
 garbage-first heap   total 92160K, used 40982K [0x00000000c3e00000, 0x0000000100000000)
  region size 1024K, 1 young (1024K), 1 survivors (1024K)
 Metaspace       used 66832K, capacity 68588K, committed 68904K, reserved 1110016K
  class space    used 8293K, capacity 9004K, committed 9116K, reserved 1048576K
}
Event: 27.175 GC heap before
{Heap before GC invocations=36 (full 0):
 garbage-first heap   total 92160K, used 43030K [0x00000000c3e00000, 0x0000000100000000)
  region size 1024K, 4 young (4096K), 1 survivors (1024K)
 Metaspace       used 66845K, capacity 68588K, committed 68904K, reserved 1110016K
  class space    used 8293K, capacity 9004K, committed 9116K, reserved 1048576K
}
Event: 27.179 GC heap after
{Heap after GC invocations=37 (full 0):
 garbage-first heap   total 92160K, used 40860K [0x00000000c3e00000, 0x0000000100000000)
  region size 1024K, 1 young (1024K), 1 survivors (1024K)
 Metaspace       used 66845K, capacity 68588K, committed 68904K, reserved 1110016K
  class space    used 8293K, capacity 9004K, committed 9116K, reserved 1048576K
}
Event: 27.276 GC heap before
{Heap before GC invocations=37 (full 0):
 garbage-first heap   total 92160K, used 59292K [0x00000000c3e00000, 0x0000000100000000)
  region size 1024K, 19 young (19456K), 1 survivors (1024K)
 Metaspace       used 66872K, capacity 68652K, committed 68904K, reserved 1110016K
  class space    used 8293K, capacity 9004K, committed 9116K, reserved 1048576K
}
Event: 27.283 GC heap after
{Heap after GC invocations=38 (full 0):
 garbage-first heap   total 92160K, used 44655K [0x00000000c3e00000, 0x0000000100000000)
  region size 1024K, 3 young (3072K), 3 survivors (3072K)
 Metaspace       used 66872K, capacity 68652K, committed 68904K, reserved 1110016K
  class space    used 8293K, capacity 9004K, committed 9116K, reserved 1048576K
}
Event: 27.727 GC heap before
{Heap before GC invocations=38 (full 0):
 garbage-first heap   total 92160K, used 63087K [0x00000000c3e00000, 0x0000000100000000)
  region size 1024K, 21 young (21504K), 3 survivors (3072K)
 Metaspace       used 67981K, capacity 69818K, committed 70056K, reserved 1110016K
  class space    used 8447K, capacity 9179K, committed 9244K, reserved 1048576K
}
Event: 27.740 GC heap after
{Heap after GC invocations=39 (full 0):
 garbage-first heap   total 124928K, used 49152K [0x00000000c3e00000, 0x0000000100000000)
  region size 1024K, 3 young (3072K), 3 survivors (3072K)
 Metaspace       used 67981K, capacity 69818K, committed 70056K, reserved 1110016K
  class space    used 8447K, capacity 9179K, committed 9244K, reserved 1048576K
}
Event: 65.620 GC heap before
{Heap before GC invocations=39 (full 0):
 garbage-first heap   total 124928K, used 74752K [0x00000000c3e00000, 0x0000000100000000)
  region size 1024K, 29 young (29696K), 3 survivors (3072K)
 Metaspace       used 72609K, capacity 74480K, committed 74792K, reserved 1114112K
  class space    used 8975K, capacity 9752K, committed 9884K, reserved 1048576K
}
Event: 65.670 GC heap after
{Heap after GC invocations=40 (full 0):
 garbage-first heap   total 124928K, used 51314K [0x00000000c3e00000, 0x0000000100000000)
  region size 1024K, 2 young (2048K), 2 survivors (2048K)
 Metaspace       used 72609K, capacity 74480K, committed 74792K, reserved 1114112K
  class space    used 8975K, capacity 9752K, committed 9884K, reserved 1048576K
}

