# JRE version: OpenJDK Runtime Environment Corretto-11.0.17.8.1 (11.0.17+8) (build 11.0.17+8-LTS)
# Java VM: OpenJDK 64-Bit Server VM Corretto-11.0.17.8.1 (11.0.17+8-LTS, mixed mode, tiered, compressed oops, g1 gc, windows-amd64)
Heap:
 garbage-first heap   total 110592K, used 62490K [0x00000000c3e00000, 0x0000000100000000)
  region size 1024K, 13 young (13312K), 1 survivors (1024K)
 Metaspace       used 73613K, capacity 75523K, committed 75868K, reserved 1116160K
  class space    used 9063K, capacity 9819K, committed 9936K, reserved 1048576K
GC Heap History (20 events):
Event: 27.465 GC heap before
{Heap before GC invocations=32 (full 0):
 garbage-first heap   total 63488K, used 46507K [0x00000000c3e00000, 0x0000000100000000)
  region size 1024K, 3 young (3072K), 1 survivors (1024K)
 Metaspace       used 66714K, capacity 68438K, committed 68572K, reserved 1110016K
  class space    used 8275K, capacity 8987K, committed 9040K, reserved 1048576K
}
Event: 27.471 GC heap after
{Heap after GC invocations=33 (full 0):
 garbage-first heap   total 76800K, used 39223K [0x00000000c3e00000, 0x0000000100000000)
  region size 1024K, 1 young (1024K), 1 survivors (1024K)
 Metaspace       used 66714K, capacity 68438K, committed 68572K, reserved 1110016K
  class space    used 8275K, capacity 8987K, committed 9040K, reserved 1048576K
}
Event: 27.481 GC heap before
{Heap before GC invocations=33 (full 0):
 garbage-first heap   total 76800K, used 40247K [0x00000000c3e00000, 0x0000000100000000)
  region size 1024K, 3 young (3072K), 1 survivors (1024K)
 Metaspace       used 66723K, capacity 68438K, committed 68572K, reserved 1110016K
  class space    used 8275K, capacity 8987K, committed 9040K, reserved 1048576K
}
Event: 27.485 GC heap after
{Heap after GC invocations=34 (full 0):
 garbage-first heap   total 76800K, used 38839K [0x00000000c3e00000, 0x0000000100000000)
  region size 1024K, 1 young (1024K), 1 survivors (1024K)
 Metaspace       used 66723K, capacity 68438K, committed 68572K, reserved 1110016K
  class space    used 8275K, capacity 8987K, committed 9040K, reserved 1048576K
}
Event: 27.587 GC heap before
{Heap before GC invocations=34 (full 0):
 garbage-first heap   total 76800K, used 51127K [0x00000000c3e00000, 0x0000000100000000)
  region size 1024K, 14 young (14336K), 1 survivors (1024K)
 Metaspace       used 66735K, capacity 68438K, committed 68572K, reserved 1110016K
  class space    used 8275K, capacity 8987K, committed 9040K, reserved 1048576K
}
Event: 27.596 GC heap after
{Heap after GC invocations=35 (full 0):
 garbage-first heap   total 76800K, used 42855K [0x00000000c3e00000, 0x0000000100000000)
  region size 1024K, 2 young (2048K), 2 survivors (2048K)
 Metaspace       used 66735K, capacity 68438K, committed 68572K, reserved 1110016K
  class space    used 8275K, capacity 8987K, committed 9040K, reserved 1048576K
}
Event: 27.831 GC heap before
{Heap before GC invocations=36 (full 0):
 garbage-first heap   total 76800K, used 54119K [0x00000000c3e00000, 0x0000000100000000)
  region size 1024K, 13 young (13312K), 2 survivors (2048K)
 Metaspace       used 66826K, capacity 68577K, committed 68828K, reserved 1110016K
  class space    used 8282K, capacity 9000K, committed 9040K, reserved 1048576K
}
Event: 27.839 GC heap after
{Heap after GC invocations=37 (full 0):
 garbage-first heap   total 76800K, used 46205K [0x00000000c3e00000, 0x0000000100000000)
  region size 1024K, 2 young (2048K), 2 survivors (2048K)
 Metaspace       used 66826K, capacity 68577K, committed 68828K, reserved 1110016K
  class space    used 8282K, capacity 9000K, committed 9040K, reserved 1048576K
}
Event: 27.842 GC heap before
{Heap before GC invocations=37 (full 0):
 garbage-first heap   total 76800K, used 47229K [0x00000000c3e00000, 0x0000000100000000)
  region size 1024K, 3 young (3072K), 2 survivors (2048K)
 Metaspace       used 66826K, capacity 68577K, committed 68828K, reserved 1110016K
  class space    used 8282K, capacity 9000K, committed 9040K, reserved 1048576K
}
Event: 27.849 GC heap after
{Heap after GC invocations=38 (full 0):
 garbage-first heap   total 110592K, used 41596K [0x00000000c3e00000, 0x0000000100000000)
  region size 1024K, 1 young (1024K), 1 survivors (1024K)
 Metaspace       used 66826K, capacity 68577K, committed 68828K, reserved 1110016K
  class space    used 8282K, capacity 9000K, committed 9040K, reserved 1048576K
}
Event: 28.127 GC heap before
{Heap before GC invocations=38 (full 0):
 garbage-first heap   total 110592K, used 63100K [0x00000000c3e00000, 0x0000000100000000)
  region size 1024K, 23 young (23552K), 1 survivors (1024K)
 Metaspace       used 66858K, capacity 68641K, committed 68828K, reserved 1110016K
  class space    used 8282K, capacity 9000K, committed 9040K, reserved 1048576K
}
Event: 28.137 GC heap after
{Heap after GC invocations=39 (full 0):
 garbage-first heap   total 110592K, used 47983K [0x00000000c3e00000, 0x0000000100000000)
  region size 1024K, 3 young (3072K), 3 survivors (3072K)
 Metaspace       used 66858K, capacity 68641K, committed 68828K, reserved 1110016K
  class space    used 8282K, capacity 9000K, committed 9040K, reserved 1048576K
}
Event: 48.014 GC heap before
{Heap before GC invocations=39 (full 0):
 garbage-first heap   total 110592K, used 70511K [0x00000000c3e00000, 0x0000000100000000)
  region size 1024K, 25 young (25600K), 3 survivors (3072K)
 Metaspace       used 69889K, capacity 71671K, committed 71900K, reserved 1112064K
  class space    used 8665K, capacity 9412K, committed 9552K, reserved 1048576K
}
Event: 48.129 GC heap after
{Heap after GC invocations=40 (full 0):
 garbage-first heap   total 110592K, used 50288K [0x00000000c3e00000, 0x0000000100000000)
  region size 1024K, 2 young (2048K), 2 survivors (2048K)
 Metaspace       used 69889K, capacity 71671K, committed 71900K, reserved 1112064K
  class space    used 8665K, capacity 9412K, committed 9552K, reserved 1048576K
}
Event: 172.844 GC heap before
{Heap before GC invocations=40 (full 0):
 garbage-first heap   total 110592K, used 71792K [0x00000000c3e00000, 0x0000000100000000)
  region size 1024K, 24 young (24576K), 2 survivors (2048K)
 Metaspace       used 73391K, capacity 75317K, committed 75612K, reserved 1116160K
  class space    used 9049K, capacity 9816K, committed 9936K, reserved 1048576K
}
Event: 173.038 GC heap after
{Heap after GC invocations=41 (full 0):
 garbage-first heap   total 110592K, used 51353K [0x00000000c3e00000, 0x0000000100000000)
  region size 1024K, 1 young (1024K), 1 survivors (1024K)
 Metaspace       used 73391K, capacity 75317K, committed 75612K, reserved 1116160K
  class space    used 9049K, capacity 9816K, committed 9936K, reserved 1048576K
}
Event: 805.853 GC heap before
{Heap before GC invocations=41 (full 0):
 garbage-first heap   total 110592K, used 74905K [0x00000000c3e00000, 0x0000000100000000)
  region size 1024K, 24 young (24576K), 1 survivors (1024K)
 Metaspace       used 73472K, capacity 75383K, committed 75612K, reserved 1116160K
  class space    used 9049K, capacity 9816K, committed 9936K, reserved 1048576K
}
Event: 805.929 GC heap after
{Heap after GC invocations=42 (full 0):
 garbage-first heap   total 110592K, used 51226K [0x00000000c3e00000, 0x0000000100000000)
  region size 1024K, 1 young (1024K), 1 survivors (1024K)
 Metaspace       used 73472K, capacity 75383K, committed 75612K, reserved 1116160K
  class space    used 9049K, capacity 9816K, committed 9936K, reserved 1048576K
}
Event: 1480.595 GC heap before
{Heap before GC invocations=42 (full 0):
 garbage-first heap   total 110592K, used 76826K [0x00000000c3e00000, 0x0000000100000000)
  region size 1024K, 26 young (26624K), 1 survivors (1024K)
 Metaspace       used 73507K, capacity 75383K, committed 75612K, reserved 1116160K
  class space    used 9049K, capacity 9816K, committed 9936K, reserved 1048576K
}
Event: 1480.685 GC heap after
{Heap after GC invocations=43 (full 0):
 garbage-first heap   total 110592K, used 51226K [0x00000000c3e00000, 0x0000000100000000)
  region size 1024K, 1 young (1024K), 1 survivors (1024K)
 Metaspace       used 73507K, capacity 75383K, committed 75612K, reserved 1116160K
  class space    used 9049K, capacity 9816K, committed 9936K, reserved 1048576K
}

